\BOOKMARK [1][-]{section.1}{\376\377\133\211\210\305\116\016\221\115\177\156\145\271\150\110}{}% 1
\BOOKMARK [2][-]{subsection.1.1}{\376\377\124\004\136\163\123\360\133\211\210\305\145\271\154\325\147\000\117\163\133\236\215\365}{section.1}% 2
\BOOKMARK [3][-]{subsubsection.1.1.1}{\376\377\000W\000i\000n\000d\000o\000w\000s\136\163\123\360}{subsection.1.1}% 3
\BOOKMARK [2][-]{subsection.1.2}{\376\377\116\055\145\207\145\057\143\001}{section.1}% 4
\BOOKMARK [3][-]{subsubsection.1.2.1}{\376\377\000L\000i\000n\000u\000x\136\163\123\360}{subsection.1.2}% 5
\BOOKMARK [3][-]{subsubsection.1.2.2}{\376\377\000M\000A\000C\136\163\123\360}{subsection.1.2}% 6
\BOOKMARK [2][-]{subsection.1.3}{\376\377\136\070\165\050\123\005}{section.1}% 7
\BOOKMARK [2][-]{subsection.1.4}{\376\377\000L\000a\000T\000e\000X\121\205\177\156\124\175\116\344}{section.1}% 8
\BOOKMARK [3][-]{subsubsection.1.4.1}{\376\377\147\345\167\013\136\056\122\251\145\207\150\143}{subsection.1.4}% 9
\BOOKMARK [3][-]{subsubsection.1.4.2}{\376\377\121\166\116\326\124\175\116\344}{subsection.1.4}% 10
\BOOKMARK [2][-]{subsection.1.5}{\376\377\137\353\220\037\121\145\225\350}{section.1}% 11
\BOOKMARK [1][-]{section.2}{\376\377\230\165\227\142\131\004\164\006}{}% 12
\BOOKMARK [2][-]{subsection.2.1}{\376\377\230\165\167\011\124\214\230\165\201\032}{section.2}% 13
\BOOKMARK [2][-]{subsection.2.2}{\376\377\230\165\162\110\137\017\116\016\230\165\217\271\215\335}{section.2}% 14
\BOOKMARK [3][-]{subsubsection.2.2.1}{\376\377\230\165\227\142\131\047\134\017}{subsection.2.2}% 15
\BOOKMARK [2][-]{subsection.2.3}{\376\377\176\270\137\040\145\271\124\021}{section.2}% 16
\BOOKMARK [2][-]{subsection.2.4}{\376\377\145\207\133\127\172\326\143\222}{section.2}% 17
\BOOKMARK [2][-]{subsection.2.5}{\376\377\143\142\210\114}{section.2}% 18
\BOOKMARK [2][-]{subsection.2.6}{\376\377\143\142\230\165}{section.2}% 19
\BOOKMARK [2][-]{subsection.2.7}{\376\377\122\006\150\017}{section.2}% 20
\BOOKMARK [2][-]{subsection.2.8}{\376\377\154\064\123\160}{section.2}% 21
\BOOKMARK [1][-]{section.3}{\376\377\123\125\117\115\116\016\215\335\171\273}{}% 22
\BOOKMARK [2][-]{subsection.3.1}{\376\377\123\125\117\115}{section.3}% 23
\BOOKMARK [3][-]{subsubsection.3.1.1}{\376\377\225\177\136\246}{subsection.3.1}% 24
\BOOKMARK [3][-]{subsubsection.3.1.2}{\376\377\145\160\133\127}{subsection.3.1}% 25
\BOOKMARK [2][-]{subsection.3.2}{\376\377\215\335\171\273}{section.3}% 26
\BOOKMARK [3][-]{subsubsection.3.2.1}{\376\377\215\335\171\273\123\330\221\317\166\204\133\232\116\111\124\214\213\276\177\156}{subsection.3.2}% 27
\BOOKMARK [3][-]{subsubsection.3.2.2}{\376\377\136\070\165\050\215\335\171\273}{subsection.3.2}% 28
\BOOKMARK [3][-]{subsubsection.3.2.3}{\376\377\215\335\171\273\166\204\217\320\173\227}{subsection.3.2}% 29
\BOOKMARK [2][-]{subsection.3.3}{\376\377\136\070\165\050\162\110\227\142\215\335\171\273}{section.3}% 30
\BOOKMARK [3][-]{subsubsection.3.3.1}{\376\377\133\127\225\364\215\335}{subsection.3.3}% 31
\BOOKMARK [3][-]{subsubsection.3.3.2}{\376\377\210\114\225\364\215\335}{subsection.3.3}% 32
\BOOKMARK [3][-]{subsubsection.3.3.3}{\376\377\153\265\225\364\215\335}{subsection.3.3}% 33
\BOOKMARK [3][-]{subsubsection.3.3.4}{\376\377\231\226\210\114\177\051\217\333}{subsection.3.3}% 34
\BOOKMARK [3][-]{subsubsection.3.3.5}{\376\377\140\254\143\002\177\051\217\333}{subsection.3.3}% 35
\BOOKMARK [2][-]{subsection.3.4}{\376\377\210\114\116\113\225\364\143\322\121\145\172\172\226\231}{section.3}% 36
\BOOKMARK [2][-]{subsection.3.5}{\376\377\213\276\177\156\166\356\137\125\225\364\215\335}{section.3}% 37
\BOOKMARK [1][-]{section.4}{\376\377\150\007\230\230\124\214\166\356\137\125}{}% 38
\BOOKMARK [2][-]{subsection.4.1}{\376\377\150\007\230\230\116\313\176\315}{section.4}% 39
\BOOKMARK [2][-]{subsection.4.2}{\376\377\155\373\122\240\166\356\137\125}{section.4}% 40
\BOOKMARK [2][-]{subsection.4.3}{\376\377\133\232\116\111\166\356\137\125\155\361\136\246}{section.4}% 41
\BOOKMARK [2][-]{subsection.4.4}{\376\377\155\373\122\240\150\007\230\230\137\025\165\050}{section.4}% 42
\BOOKMARK [2][-]{subsection.4.5}{\376\377\221\315\145\260\133\232\116\111\150\007\230\230\136\217\123\367\150\074\137\017}{section.4}% 43
\BOOKMARK [3][-]{subsubsection.4.5.1}{\376\377\202\361\145\207\163\257\130\203}{subsection.4.5}% 44
\BOOKMARK [3][-]{subsubsection.4.5.2}{\376\377\116\055\145\207\163\257\130\203}{subsection.4.5}% 45
\BOOKMARK [2][-]{subsection.4.6}{\376\377\146\364\145\071\166\356\137\125\150\007\230\230}{section.4}% 46
\BOOKMARK [2][-]{subsection.4.7}{\376\377\123\326\155\210\150\007\230\230\136\217\123\367}{section.4}% 47
\BOOKMARK [3][-]{section*.1}{\376\377\123\326\155\210\150\007\230\230\136\217\123\367\166\204\157\024\171\072}{subsection.4.7}% 48
\BOOKMARK [1][-]{section.5}{\376\377\145\207\133\127\150\067\137\017}{}% 49
\BOOKMARK [2][-]{subsection.5.1}{\376\377\116\000\202\054\145\110\147\234}{section.5}% 50
\BOOKMARK [3][-]{subsubsection.5.1.1}{\376\377\153\143\136\070\217\223\121\145}{subsection.5.1}% 51
\BOOKMARK [3][-]{subsubsection.5.1.2}{\376\377\145\234\117\123}{subsection.5.1}% 52
\BOOKMARK [3][-]{subsubsection.5.1.3}{\376\377\122\240\174\227}{subsection.5.1}% 53
\BOOKMARK [3][-]{subsubsection.5.1.4}{\376\377\155\373\122\240\176\277}{subsection.5.1}% 54
\BOOKMARK [2][-]{subsection.5.2}{\376\377\133\127\123\367}{section.5}% 55
\BOOKMARK [2][-]{subsection.5.3}{\376\377\133\127\117\123}{section.5}% 56
\BOOKMARK [3][-]{subsubsection.5.3.1}{\376\377\127\372\147\054\133\127\117\123\174\173\127\213}{subsection.5.3}% 57
\BOOKMARK [4][-]{section*.2}{\376\377\000s\000e\000r\000i\000f}{subsubsection.5.3.1}% 58
\BOOKMARK [4][-]{section*.2}{\376\377\000s\000a\000n\000s\000-\000s\000e\000r\000i\000f}{subsubsection.5.3.1}% 59
\BOOKMARK [4][-]{section*.2}{\376\377\000m\000o\000n\000o\000s\000p\000a\000c\000e}{subsubsection.5.3.1}% 60
\BOOKMARK [3][-]{subsubsection.5.3.2}{\376\377\133\127\145\317}{subsection.5.3}% 61
\BOOKMARK [3][-]{subsubsection.5.3.3}{\376\377\133\127\117\123\213\276\177\156}{subsection.5.3}% 62
\BOOKMARK [3][-]{subsubsection.5.3.4}{\376\377\142\176\122\060\133\127\117\123}{subsection.5.3}% 63
\BOOKMARK [3][-]{subsubsection.5.3.5}{\376\377\134\100\220\350\214\003\145\164\133\127\117\123}{subsection.5.3}% 64
\BOOKMARK [2][-]{subsection.5.4}{\376\377\214\003\145\164\117\115\177\156}{section.5}% 65
\BOOKMARK [2][-]{subsection.5.5}{\376\377\116\012\116\013\150\007}{section.5}% 66
\BOOKMARK [2][-]{subsection.5.6}{\376\377\162\171\153\212\133\127\173\046}{section.5}% 67
\BOOKMARK [2][-]{subsection.5.7}{\376\377\150\007\154\350\142\374\227\363}{section.5}% 68
\BOOKMARK [2][-]{subsection.5.8}{\376\377\145\207\133\127\226\064\137\161}{section.5}% 69
\BOOKMARK [2][-]{subsection.5.9}{\376\377\145\207\133\127\232\330\116\256}{section.5}% 70
\BOOKMARK [1][-]{section.6}{\376\377\153\265\204\075\150\067\137\017}{}% 71
\BOOKMARK [2][-]{subsection.6.1}{\376\377\153\265\204\075\225\364\215\335}{section.6}% 72
\BOOKMARK [2][-]{subsection.6.2}{\376\377\133\371\237\120}{section.6}% 73
\BOOKMARK [3][-]{subsubsection.6.2.1}{\376\377\135\346\133\371\237\120}{subsection.6.2}% 74
\BOOKMARK [3][-]{subsubsection.6.2.2}{\376\377\123\363\133\371\237\120}{subsection.6.2}% 75
\BOOKMARK [3][-]{subsubsection.6.2.3}{\376\377\134\105\116\055}{subsection.6.2}% 76
\BOOKMARK [3][-]{subsubsection.6.2.4}{\376\377\116\044\172\357\133\371\237\120}{subsection.6.2}% 77
\BOOKMARK [3][-]{subsubsection.6.2.5}{\376\377\122\006\145\143\133\371\237\120}{subsection.6.2}% 78
\BOOKMARK [2][-]{subsection.6.3}{\376\377\163\257\130\203\166\204\135\114\131\127}{section.6}% 79
\BOOKMARK [2][-]{subsection.6.4}{\376\377\137\025\145\207\163\257\130\203}{section.6}% 80
\BOOKMARK [2][-]{subsection.6.5}{\376\377\142\204\137\125\163\257\130\203}{section.6}% 81
\BOOKMARK [2][-]{subsection.6.6}{\376\377\146\156\220\032\217\271\150\106}{section.6}% 82
\BOOKMARK [2][-]{subsection.6.7}{\376\377\121\166\116\326\163\257\130\203}{section.6}% 83
\BOOKMARK [1][-]{section.7}{\376\377\122\027\210\150}{}% 84
\BOOKMARK [2][-]{subsection.7.1}{\376\377\127\372\147\054\165\050\154\325}{section.7}% 85
\BOOKMARK [2][-]{subsection.7.2}{\376\377\201\352\133\232\116\111\000B\000u\000l\000l\000e\000t}{section.7}% 86
\BOOKMARK [3][-]{subsubsection.7.2.1}{\376\377\201\352\133\232\116\111\150\007\173\176}{subsection.7.2}% 87
\BOOKMARK [3][-]{subsubsection.7.2.2}{\376\377\201\352\133\232\116\111\136\217\123\367}{subsection.7.2}% 88
\BOOKMARK [2][-]{subsection.7.3}{\376\377\162\110\227\142\116\016\136\003\134\100}{section.7}% 89
\BOOKMARK [3][-]{subsubsection.7.3.1}{\376\377\133\371\237\120\116\016\225\364\226\224}{subsection.7.3}% 90
\BOOKMARK [2][-]{subsection.7.4}{\376\377\121\166\116\326\000i\000t\000e\000m\000i\000z\000e\136\003\134\100}{section.7}% 91
\BOOKMARK [1][-]{section.8}{\376\377\210\150\150\074}{}% 92
\BOOKMARK [2][-]{subsection.8.1}{\376\377\210\150\150\074\127\372\170\100\165\050\154\325}{section.8}% 93
\BOOKMARK [2][-]{subsection.8.2}{\376\377\210\150\150\074\124\010\136\166}{section.8}% 94
\BOOKMARK [2][-]{subsection.8.3}{\376\377\210\150\150\074\122\027\133\275\214\003\145\164}{section.8}% 95
\BOOKMARK [3][-]{subsubsection.8.3.1}{\376\377\123\302\145\160\000p}{subsection.8.3}% 96
\BOOKMARK [3][-]{subsubsection.8.3.2}{\376\377\000t\000a\000b\000u\000l\000a\000r\166\204\226\104\122\240\124\175\116\344}{subsection.8.3}% 97
\BOOKMARK [2][-]{subsection.8.4}{\376\377\152\052\177\156\210\150\150\074}{section.8}% 98
\BOOKMARK [2][-]{subsection.8.5}{\376\377\225\177\210\150\150\074}{section.8}% 99
\BOOKMARK [2][-]{subsection.8.6}{\376\377\210\150\150\074\177\216\123\026}{section.8}% 100
\BOOKMARK [2][-]{subsection.8.7}{\376\377\155\373\122\240\210\150\150\074\213\364\146\016}{section.8}% 101
\BOOKMARK [2][-]{subsection.8.8}{\376\377\201\352\122\250\165\037\142\020\210\150\150\074\135\345\121\167}{section.8}% 102
\BOOKMARK [3][-]{subsubsection.8.8.1}{\376\377\000T\000a\000b\000l\000e\000s\000\040\000G\000e\000n\000e\000r\000a\000t\000o\000r}{subsection.8.8}% 103
\BOOKMARK [3][-]{subsubsection.8.8.2}{\376\377\000L\000a\000t\000e\000x\000T\000o\000o\000l}{subsection.8.8}% 104
\BOOKMARK [1][-]{section.9}{\376\377\126\376\162\107}{}% 105
\BOOKMARK [2][-]{subsection.9.1}{\376\377\127\372\147\054\117\177\165\050}{section.9}% 106
\BOOKMARK [2][-]{subsection.9.2}{\376\377\143\007\146\016\126\376\162\107\215\357\137\204}{section.9}% 107
\BOOKMARK [2][-]{subsection.9.3}{\376\377\126\376\162\107\117\030\121\110\176\247\213\373\123\326}{section.9}% 108
\BOOKMARK [2][-]{subsection.9.4}{\376\377\155\373\122\240\126\376\162\107\213\364\146\016}{section.9}% 109
\BOOKMARK [2][-]{subsection.9.5}{\376\377\000T\000i\000k\000z\176\330\126\376}{section.9}% 110
\BOOKMARK [1][-]{section.10}{\376\377\121\154\137\017\163\257\130\203}{}% 111
\BOOKMARK [2][-]{subsection.10.1}{\376\377\210\114\121\205\121\154\137\017}{section.10}% 112
\BOOKMARK [3][-]{subsubsection.10.1.1}{\376\377\145\160\133\146\163\257\130\203\116\055\166\204\146\156\220\032\145\207\147\054}{subsection.10.1}% 113
\BOOKMARK [2][-]{subsection.10.2}{\376\377\210\114\225\364\121\154\137\017}{section.10}% 114
\BOOKMARK [3][-]{subsubsection.10.2.1}{\376\377\123\125\210\114\210\114\225\364\121\154\137\017}{subsection.10.2}% 115
\BOOKMARK [3][-]{subsubsection.10.2.2}{\376\377\131\032\210\114\210\114\225\364\121\154\137\017}{subsection.10.2}% 116
\BOOKMARK [2][-]{subsection.10.3}{\376\377\121\154\137\017\177\026\217\221\135\345\121\167\143\250\203\120}{section.10}% 117
\BOOKMARK [3][-]{subsubsection.10.3.1}{\376\377\000M\000a\000t\000h\000p\000i\000x}{subsection.10.3}% 118
\BOOKMARK [3][-]{subsubsection.10.3.2}{\376\377\127\050\176\277\000L\000a\000T\000e\000X\121\154\137\017\177\026\217\221\126\150}{subsection.10.3}% 119
\BOOKMARK [1][-]{section.11}{\376\377\000F\000l\000o\000a\000t}{}% 120
\BOOKMARK [2][-]{subsection.11.1}{\376\377\000F\000l\000o\000a\000t\127\372\147\054\116\313\176\315}{section.11}% 121
\BOOKMARK [3][-]{subsubsection.11.1.1}{\376\377\155\373\122\240\000F\000l\000o\000a\000t\213\364\146\016}{subsection.11.1}% 122
\BOOKMARK [3][-]{subsubsection.11.1.2}{\376\377\146\364\145\071\000F\000l\000o\000a\000t\213\364\146\016\150\074\137\017}{subsection.11.1}% 123
\BOOKMARK [2][-]{subsection.11.2}{\376\377\000F\000i\000g\000u\000r\000e}{section.11}% 124
\BOOKMARK [3][-]{subsubsection.11.2.1}{\376\377\143\322\121\145\123\125\137\040\126\376\162\107}{subsection.11.2}% 125
\BOOKMARK [3][-]{subsubsection.11.2.2}{\376\377\143\322\121\145\131\032\116\052\126\376\162\107}{subsection.11.2}% 126
\BOOKMARK [3][-]{subsubsection.11.2.3}{\376\377\122\027\121\372\126\376\162\107\166\356\137\125}{subsection.11.2}% 127
\BOOKMARK [2][-]{subsection.11.3}{\376\377\000T\000a\000b\000l\000e}{section.11}% 128
\BOOKMARK [3][-]{subsubsection.11.3.1}{\376\377\122\027\121\372\210\150\150\074\166\356\137\125}{subsection.11.3}% 129
\BOOKMARK [1][-]{section.12}{\376\377\154\350\221\312\116\016\137\025\165\050}{}% 130
\BOOKMARK [2][-]{subsection.12.1}{\376\377\201\032\154\350}{section.12}% 131
\BOOKMARK [3][-]{subsubsection.12.1.1}{\376\377\127\372\147\054\117\177\165\050}{subsection.12.1}% 132
\BOOKMARK [3][-]{subsubsection.12.1.2}{\376\377\146\364\145\071\150\007\213\260\230\316\150\074}{subsection.12.1}% 133
\BOOKMARK [3][-]{subsubsection.12.1.3}{\376\377\221\315\145\260\213\241\145\160\201\032\154\350\150\007\213\260}{subsection.12.1}% 134
\BOOKMARK [2][-]{subsection.12.2}{\376\377\217\271\154\350}{section.12}% 135
\BOOKMARK [3][-]{subsubsection.12.2.1}{\376\377\127\372\147\054\117\177\165\050}{subsection.12.2}% 136
\BOOKMARK [3][-]{subsubsection.12.2.2}{\376\377\000m\000a\000r\000g\000i\000n\000n\000o\000t\000e\133\217\123\005}{subsection.12.2}% 137
\BOOKMARK [2][-]{subsection.12.3}{\376\377\150\007\173\176}{section.12}% 138
\BOOKMARK [3][-]{subsubsection.12.3.1}{\376\377\121\166\116\326\166\204\137\025\165\050\227\000\154\102}{subsection.12.3}% 139
\BOOKMARK [2][-]{subsection.12.4}{\376\377\123\302\200\003\145\207\163\056}{section.12}% 140
\BOOKMARK [3][-]{subsubsection.12.4.1}{\376\377\166\364\143\245\137\025\121\145}{subsection.12.4}% 141
\BOOKMARK [3][-]{subsubsection.12.4.2}{\376\377\000b\000i\000b\000t\000e\000x\137\025\121\145}{subsection.12.4}% 142
\BOOKMARK [1][-]{section.13}{\376\377\230\234\202\162}{}% 143
\BOOKMARK [2][-]{subsection.13.1}{\376\377\137\025\121\145}{section.13}% 144
\BOOKMARK [2][-]{subsection.13.2}{\376\377\117\177\165\050}{section.13}% 145
\BOOKMARK [2][-]{subsection.13.3}{\376\377\133\232\116\111}{section.13}% 146
\BOOKMARK [2][-]{subsection.13.4}{\376\377\121\166\116\326\163\257\130\203\116\013\166\204\230\234\202\162\213\276\177\156}{section.13}% 147
\BOOKMARK [3][-]{subsubsection.13.4.1}{\376\377\210\150\150\074}{subsection.13.4}% 148
\BOOKMARK [2][-]{subsection.13.5}{\376\377\215\205\224\376\143\245\116\016\137\025\165\050}{section.13}% 149
\BOOKMARK [2][-]{subsection.13.6}{\376\377\122\006\122\162\176\277}{section.13}% 150
\BOOKMARK [2][-]{subsection.13.7}{\376\377\230\234\202\162\166\370\121\163\135\345\121\167}{section.13}% 151
\BOOKMARK [3][-]{subsubsection.13.7.1}{\376\377\000L\000a\000t\000e\000x\000C\000o\000l\000o\000r}{subsection.13.7}% 152
\BOOKMARK [1][-]{section.14}{\376\377\124\175\116\344\124\214\163\257\130\203}{}% 153
\BOOKMARK [2][-]{subsection.14.1}{\376\377\124\175\116\344}{section.14}% 154
\BOOKMARK [3][-]{subsubsection.14.1.1}{\376\377\124\175\116\344\166\204\127\372\147\054\117\177\165\050}{subsection.14.1}% 155
\BOOKMARK [3][-]{subsubsection.14.1.2}{\376\377\124\175\116\344\166\204\133\232\116\111}{subsection.14.1}% 156
\BOOKMARK [3][-]{subsubsection.14.1.3}{\376\377\124\175\116\344\166\204\221\315\145\260\133\232\116\111}{subsection.14.1}% 157
\BOOKMARK [2][-]{subsection.14.2}{\376\377\163\257\130\203}{section.14}% 158
\BOOKMARK [3][-]{subsubsection.14.2.1}{\376\377\163\257\130\203\166\204\127\372\147\054\117\177\165\050}{subsection.14.2}% 159
\BOOKMARK [3][-]{subsubsection.14.2.2}{\376\377\163\257\130\203\166\204\133\232\116\111}{subsection.14.2}% 160
\BOOKMARK [3][-]{subsubsection.14.2.3}{\376\377\163\257\130\203\116\055\166\204\124\175\116\344}{subsection.14.2}% 161
\BOOKMARK [3][-]{subsubsection.14.2.4}{\376\377\163\257\130\203\166\204\221\315\145\260\133\232\116\111}{subsection.14.2}% 162
\BOOKMARK [2][-]{subsection.14.3}{\376\377\232\330\176\247\124\175\116\344\116\016\163\257\130\203}{section.14}% 163
\BOOKMARK [2][-]{subsection.14.4}{\376\377\213\241\145\160\126\150}{section.14}% 164
\BOOKMARK [3][-]{subsubsection.14.4.1}{\376\377\127\372\147\054\116\313\176\315}{subsection.14.4}% 165
\BOOKMARK [3][-]{subsubsection.14.4.2}{\376\377\165\037\142\020\213\241\145\160\126\150}{subsection.14.4}% 166
\BOOKMARK [3][-]{subsubsection.14.4.3}{\376\377\213\241\145\160\126\150\230\316\150\074}{subsection.14.4}% 167
\BOOKMARK [1][-]{section.15}{\376\377\116\343\170\001\163\257\130\203\145\271\150\110}{}% 168
\BOOKMARK [2][-]{subsection.15.1}{\376\377\172\013\136\217\116\343\170\001}{section.15}% 169
\BOOKMARK [3][-]{subsubsection.15.1.1}{\376\377\142\204\137\125\163\257\130\203}{subsection.15.1}% 170
\BOOKMARK [3][-]{subsubsection.15.1.2}{\376\377\000l\000i\000s\000t\000i\000n\000g}{subsection.15.1}% 171
\BOOKMARK [3][-]{subsubsection.15.1.3}{\376\377\000m\000i\000n\000t\000e\000d}{subsection.15.1}% 172
\BOOKMARK [3][-]{subsubsection.15.1.4}{\376\377\147\000\117\163\133\236\215\365\377\032\000t\000c\000o\000l\000o\000r\000b\000o\000x}{subsection.15.1}% 173
\BOOKMARK [2][-]{subsection.15.2}{\376\377\117\052\116\343\170\001}{section.15}% 174
\BOOKMARK [2][-]{subsection.15.3}{\376\377\150\021\176\323\147\204}{section.15}% 175
\BOOKMARK [1][-]{section.16}{\376\377\177\026\121\231\176\323\147\204}{}% 176
\BOOKMARK [1][-]{section.17}{\376\377\136\223\117\177\165\050}{}% 177
\BOOKMARK [2][-]{subsection.17.1}{\376\377\000m\000i\000n\000i\000p\000a\000g\000e}{section.17}% 178
\BOOKMARK [2][-]{subsection.17.2}{\376\377\000t\000c\000o\000l\000o\000r\000b\000o\000x}{section.17}% 179
\BOOKMARK [2][-]{subsection.17.3}{\376\377\000a\000d\000j\000u\000s\000t\000b\000o\000x}{section.17}% 180
\BOOKMARK [1][-]{section.18}{\376\377\232\330\176\247\117\177\165\050}{}% 181
\BOOKMARK [1][-]{section.19}{\376\377\152\041\147\177\145\066\137\125}{}% 182
